2026-02-18 20:35:27,621[root] - INFO - Logging initialized, log file: /home/kali/Mina-a-Assistente-Virtual-Do-G.E.R.A/logs/app.log - MainThread
2026-02-18 20:35:28,441[__main__] - INFO - Created qasync event loop - MainThread
2026-02-18 20:35:28,449[__main__] - INFO - Starting Xiaozhi GUI (standalone mode) - MainThread
2026-02-18 20:35:29,407[src.utils.config_manager] - INFO - Config directory: /home/kali/Mina-a-Assistente-Virtual-Do-G.E.R.A/config - MainThread
2026-02-18 20:35:29,407[src.utils.config_manager] - INFO - Config file: /home/kali/Mina-a-Assistente-Virtual-Do-G.E.R.A/config/config.json - MainThread
2026-02-18 20:35:33,669[__main__] - INFO - GUI started successfully - MainThread
2026-02-18 20:35:49,738[GuiDisplay] - INFO - 开始退出应用程序... - MainThread
2026-02-18 20:35:49,739[__main__] - ERROR - GUI error: no running event loop - MainThread
Traceback (most recent call last):
  File "/home/kali/Mina-a-Assistente-Virtual-Do-G.E.R.A/main_gui.py", line 268, in run_gui
    await stt_controller.shutdown()
  File "/home/kali/Mina-a-Assistente-Virtual-Do-G.E.R.A/main_gui.py", line 124, in shutdown
    await asyncio.to_thread(self._stt_client.shutdown)
  File "/usr/lib/python3.13/asyncio/threads.py", line 22, in to_thread
    loop = events.get_running_loop()
RuntimeError: no running event loop
2026-02-18 20:35:49,835[src.utils.stt_client] - INFO - Shutting down native STT - MainThread
2026-02-18 21:38:03,716[root] - INFO - Logging initialized, log file: /home/kali/Mina-a-Assistente-Virtual-Do-G.E.R.A/logs/app.log - MainThread
2026-02-18 21:38:04,759[__main__] - INFO - Created qasync event loop - MainThread
2026-02-18 21:38:04,768[__main__] - INFO - Starting Xiaozhi GUI (standalone mode) - MainThread
2026-02-18 21:38:05,700[src.utils.config_manager] - INFO - Config directory: /home/kali/Mina-a-Assistente-Virtual-Do-G.E.R.A/config - MainThread
2026-02-18 21:38:05,701[src.utils.config_manager] - INFO - Config file: /home/kali/Mina-a-Assistente-Virtual-Do-G.E.R.A/config/config.json - MainThread
2026-02-18 21:38:09,484[__main__] - INFO - GUI started successfully - MainThread
2026-02-18 21:42:06,836[GuiDisplay] - INFO - 开始退出应用程序... - MainThread
2026-02-18 21:42:06,869[__main__] - INFO - GUI closed before loop completion - MainThread
2026-02-18 21:44:18,514[root] - INFO - Logging initialized, log file: /home/kali/Mina-a-Assistente-Virtual-Do-G.E.R.A/logs/app.log - MainThread
2026-02-18 21:44:18,533[__main__] - INFO - Created qasync event loop - MainThread
2026-02-18 21:44:18,534[__main__] - INFO - Starting Xiaozhi GUI (standalone mode) - MainThread
2026-02-18 21:44:18,821[src.utils.config_manager] - INFO - Config directory: /home/kali/Mina-a-Assistente-Virtual-Do-G.E.R.A/config - MainThread
2026-02-18 21:44:18,822[src.utils.config_manager] - INFO - Config file: /home/kali/Mina-a-Assistente-Virtual-Do-G.E.R.A/config/config.json - MainThread
2026-02-18 21:44:19,157[__main__] - INFO - GUI started successfully - MainThread
2026-02-18 21:49:39,033[GuiDisplay] - INFO - 开始退出应用程序... - MainThread
2026-02-18 21:49:39,034[__main__] - ERROR - GUI error: no running event loop - MainThread
Traceback (most recent call last):
  File "/home/kali/Mina-a-Assistente-Virtual-Do-G.E.R.A/main_gui.py", line 268, in run_gui
    await stt_controller.shutdown()
  File "/home/kali/Mina-a-Assistente-Virtual-Do-G.E.R.A/main_gui.py", line 124, in shutdown
    await asyncio.to_thread(self._stt_client.shutdown)
  File "/usr/lib/python3.13/asyncio/threads.py", line 22, in to_thread
    loop = events.get_running_loop()
RuntimeError: no running event loop
2026-02-18 21:49:39,136[src.utils.stt_client] - INFO - Shutting down native STT - MainThread
2026-02-18 22:11:48,306[root] - INFO - Logging initialized, log file: /home/kali/Mina-a-Assistente-Virtual-Do-G.E.R.A/logs/app.log - MainThread
2026-02-18 22:11:48,324[__main__] - INFO - Created qasync event loop - MainThread
2026-02-18 22:11:48,325[__main__] - INFO - Starting Xiaozhi GUI (standalone mode) - MainThread
2026-02-18 22:11:48,613[src.utils.config_manager] - INFO - Config directory: /home/kali/Mina-a-Assistente-Virtual-Do-G.E.R.A/config - MainThread
2026-02-18 22:11:48,614[src.utils.config_manager] - INFO - Config file: /home/kali/Mina-a-Assistente-Virtual-Do-G.E.R.A/config/config.json - MainThread
2026-02-18 22:11:48,935[__main__] - INFO - GUI started successfully - MainThread
2026-02-18 22:12:23,324[GuiDisplay] - INFO - 开始退出应用程序... - MainThread
2026-02-18 22:12:23,325[__main__] - INFO - GUI closed before loop completion - MainThread
