2026-01-23 15:51:07,434[root] - INFO - Logging initialized, log file: /home/kali/Documents/Mina-a-Assistente-Virtual-Do-G.E.R.A/logs/app.log - MainThread
2026-01-23 15:51:08,219[__main__] - INFO - Created qasync event loop - MainThread
2026-01-23 15:51:08,228[__main__] - INFO - Starting Xiaozhi GUI (standalone mode) - MainThread
2026-01-23 15:51:08,339[src.utils.config_manager] - INFO - Config directory: /home/kali/Documents/Mina-a-Assistente-Virtual-Do-G.E.R.A/config - MainThread
2026-01-23 15:51:08,340[src.utils.config_manager] - INFO - Config file: /home/kali/Documents/Mina-a-Assistente-Virtual-Do-G.E.R.A/config/config.json - MainThread
2026-01-23 15:51:10,080[__main__] - INFO - GUI started successfully - MainThread
2026-01-23 16:02:49,381[GuiDisplay] - INFO - 开始退出应用程序... - MainThread
2026-01-23 16:02:49,479[__main__] - ERROR - Program exited with error: Event loop stopped before Future completed. - MainThread
Traceback (most recent call last):
  File "/home/kali/Documents/Mina-a-Assistente-Virtual-Do-G.E.R.A/main_gui.py", line 193, in main
  File "/home/kali/.local/lib/python3.11/site-packages/qasync/__init__.py", line 406, in run_until_complete
    raise RuntimeError("Event loop stopped before Future completed.")
RuntimeError: Event loop stopped before Future completed.
2026-01-23 16:02:54,132[root] - INFO - Logging initialized, log file: /home/kali/Documents/Mina-a-Assistente-Virtual-Do-G.E.R.A/logs/app.log - MainThread
2026-01-23 16:02:54,538[__main__] - INFO - Created qasync event loop - MainThread
2026-01-23 16:02:54,539[__main__] - INFO - Starting Xiaozhi GUI (standalone mode) - MainThread
2026-01-23 16:02:54,573[src.utils.config_manager] - INFO - Config directory: /home/kali/Documents/Mina-a-Assistente-Virtual-Do-G.E.R.A/config - MainThread
2026-01-23 16:02:54,574[src.utils.config_manager] - INFO - Config file: /home/kali/Documents/Mina-a-Assistente-Virtual-Do-G.E.R.A/config/config.json - MainThread
2026-01-23 16:02:55,583[__main__] - INFO - GUI started successfully - MainThread
2026-01-23 16:07:51,025[GuiDisplay] - INFO - 开始退出应用程序... - MainThread
2026-01-23 16:07:51,027[__main__] - ERROR - Program exited with error: Event loop stopped before Future completed. - MainThread
Traceback (most recent call last):
  File "/home/kali/Documents/Mina-a-Assistente-Virtual-Do-G.E.R.A/main_gui.py", line 206, in main
    exit_code = 1
                  
  File "/home/kali/.local/lib/python3.11/site-packages/qasync/__init__.py", line 406, in run_until_complete
    raise RuntimeError("Event loop stopped before Future completed.")
RuntimeError: Event loop stopped before Future completed.
2026-01-23 16:07:57,763[root] - INFO - Logging initialized, log file: /home/kali/Documents/Mina-a-Assistente-Virtual-Do-G.E.R.A/logs/app.log - MainThread
2026-01-23 16:07:57,879[__main__] - INFO - Created qasync event loop - MainThread
2026-01-23 16:07:57,880[__main__] - INFO - Starting Xiaozhi GUI (standalone mode) - MainThread
2026-01-23 16:07:57,926[src.utils.config_manager] - INFO - Config directory: /home/kali/Documents/Mina-a-Assistente-Virtual-Do-G.E.R.A/config - MainThread
2026-01-23 16:07:57,927[src.utils.config_manager] - INFO - Config file: /home/kali/Documents/Mina-a-Assistente-Virtual-Do-G.E.R.A/config/config.json - MainThread
2026-01-23 16:07:58,541[__main__] - INFO - GUI started successfully - MainThread
2026-01-23 16:10:19,318[GuiDisplay] - INFO - 开始退出应用程序... - MainThread
2026-01-23 16:10:19,319[__main__] - ERROR - Program exited with error: Event loop stopped before Future completed. - MainThread
Traceback (most recent call last):
  File "/home/kali/Documents/Mina-a-Assistente-Virtual-Do-G.E.R.A/main_gui.py", line 199, in main
  File "/home/kali/.local/lib/python3.11/site-packages/qasync/__init__.py", line 406, in run_until_complete
    raise RuntimeError("Event loop stopped before Future completed.")
RuntimeError: Event loop stopped before Future completed.
2026-01-23 16:10:23,709[root] - INFO - Logging initialized, log file: /home/kali/Documents/Mina-a-Assistente-Virtual-Do-G.E.R.A/logs/app.log - MainThread
2026-01-23 16:10:23,765[__main__] - INFO - Created qasync event loop - MainThread
2026-01-23 16:10:23,767[__main__] - INFO - Starting Xiaozhi GUI (standalone mode) - MainThread
2026-01-23 16:10:23,783[src.utils.config_manager] - INFO - Config directory: /home/kali/Documents/Mina-a-Assistente-Virtual-Do-G.E.R.A/config - MainThread
2026-01-23 16:10:23,784[src.utils.config_manager] - INFO - Config file: /home/kali/Documents/Mina-a-Assistente-Virtual-Do-G.E.R.A/config/config.json - MainThread
2026-01-23 16:10:24,058[__main__] - INFO - GUI started successfully - MainThread
2026-01-23 16:11:05,648[GuiDisplay] - INFO - 开始退出应用程序... - MainThread
2026-01-23 16:11:05,649[__main__] - ERROR - Program exited with error: Event loop stopped before Future completed. - MainThread
Traceback (most recent call last):
  File "/home/kali/Documents/Mina-a-Assistente-Virtual-Do-G.E.R.A/main_gui.py", line 202, in main
    exit_code = loop.run_until_complete(run_gui(fullscreen=fullscreen))
                ^^^^^^^^^^^^^^^^^^^^^^^^^^^^^^^^^^^^^^^^^^^^^^^^^^^^^^^
  File "/home/kali/.local/lib/python3.11/site-packages/qasync/__init__.py", line 406, in run_until_complete
    raise RuntimeError("Event loop stopped before Future completed.")
RuntimeError: Event loop stopped before Future completed.
2026-01-23 16:15:40,914[root] - INFO - Logging initialized, log file: /home/kali/Documents/Mina-a-Assistente-Virtual-Do-G.E.R.A/logs/app.log - MainThread
2026-01-23 16:15:41,018[__main__] - INFO - Created qasync event loop - MainThread
2026-01-23 16:15:41,019[__main__] - INFO - Starting Xiaozhi GUI (standalone mode) - MainThread
2026-01-23 16:15:41,038[src.utils.config_manager] - INFO - Config directory: /home/kali/Documents/Mina-a-Assistente-Virtual-Do-G.E.R.A/config - MainThread
2026-01-23 16:15:41,038[src.utils.config_manager] - INFO - Config file: /home/kali/Documents/Mina-a-Assistente-Virtual-Do-G.E.R.A/config/config.json - MainThread
2026-01-23 16:15:41,355[__main__] - INFO - GUI started successfully - MainThread
2026-01-23 16:16:01,608[GuiDisplay] - INFO - 开始退出应用程序... - MainThread
2026-01-23 16:16:01,609[__main__] - ERROR - Program exited with error: Event loop stopped before Future completed. - MainThread
Traceback (most recent call last):
  File "/home/kali/Documents/Mina-a-Assistente-Virtual-Do-G.E.R.A/main_gui.py", line 202, in main
    exit_code = loop.run_until_complete(run_gui(fullscreen=fullscreen))
                ^^^^^^^^^^^^^^^^^^^^^^^^^^^^^^^^^^^^^^^^^^^^^^^^^^^^^^^
  File "/home/kali/.local/lib/python3.11/site-packages/qasync/__init__.py", line 406, in run_until_complete
    raise RuntimeError("Event loop stopped before Future completed.")
RuntimeError: Event loop stopped before Future completed.
2026-01-23 16:31:00,060[root] - INFO - Logging initialized, log file: /home/kali/Documents/Mina-a-Assistente-Virtual-Do-G.E.R.A/logs/app.log - MainThread
2026-01-23 16:31:01,037[__main__] - INFO - Created qasync event loop - MainThread
2026-01-23 16:31:01,046[__main__] - INFO - Starting Xiaozhi GUI (standalone mode) - MainThread
2026-01-23 16:31:01,190[src.utils.config_manager] - INFO - Config directory: /home/kali/Documents/Mina-a-Assistente-Virtual-Do-G.E.R.A/config - MainThread
2026-01-23 16:31:01,191[src.utils.config_manager] - INFO - Config file: /home/kali/Documents/Mina-a-Assistente-Virtual-Do-G.E.R.A/config/config.json - MainThread
2026-01-23 16:31:03,478[__main__] - INFO - GUI started successfully - MainThread
2026-01-23 16:31:40,920[GuiDisplay] - INFO - 开始退出应用程序... - MainThread
2026-01-23 16:31:40,921[__main__] - ERROR - Program exited with error: Event loop stopped before Future completed. - MainThread
Traceback (most recent call last):
  File "/home/kali/Documents/Mina-a-Assistente-Virtual-Do-G.E.R.A/main_gui.py", line 202, in main
    exit_code = loop.run_until_complete(run_gui(fullscreen=fullscreen))
                ^^^^^^^^^^^^^^^^^^^^^^^^^^^^^^^^^^^^^^^^^^^^^^^^^^^^^^^
  File "/home/kali/.local/lib/python3.11/site-packages/qasync/__init__.py", line 406, in run_until_complete
    raise RuntimeError("Event loop stopped before Future completed.")
RuntimeError: Event loop stopped before Future completed.
2026-01-23 16:31:44,576[root] - INFO - Logging initialized, log file: /home/kali/Documents/Mina-a-Assistente-Virtual-Do-G.E.R.A/logs/app.log - MainThread
2026-01-23 16:31:44,603[__main__] - INFO - Created qasync event loop - MainThread
2026-01-23 16:31:44,604[__main__] - INFO - Starting Xiaozhi GUI (standalone mode) - MainThread
2026-01-23 16:31:44,612[src.utils.config_manager] - INFO - Config directory: /home/kali/Documents/Mina-a-Assistente-Virtual-Do-G.E.R.A/config - MainThread
2026-01-23 16:31:44,613[src.utils.config_manager] - INFO - Config file: /home/kali/Documents/Mina-a-Assistente-Virtual-Do-G.E.R.A/config/config.json - MainThread
2026-01-23 16:31:44,884[__main__] - INFO - GUI started successfully - MainThread
2026-01-23 16:33:22,312[GuiDisplay] - INFO - 开始退出应用程序... - MainThread
2026-01-23 16:33:22,313[__main__] - ERROR - Program exited with error: Event loop stopped before Future completed. - MainThread
Traceback (most recent call last):
  File "/home/kali/Documents/Mina-a-Assistente-Virtual-Do-G.E.R.A/main_gui.py", line 202, in main
    exit_code = loop.run_until_complete(run_gui(fullscreen=fullscreen))
                ^^^^^^^^^^^^^^^^^^^^^^^^^^^^^^^^^^^^^^^^^^^^^^^^^^^^^^^
  File "/home/kali/.local/lib/python3.11/site-packages/qasync/__init__.py", line 406, in run_until_complete
    raise RuntimeError("Event loop stopped before Future completed.")
RuntimeError: Event loop stopped before Future completed.
2026-01-23 18:54:22,752[root] - INFO - Logging initialized, log file: /home/kali/Documents/Mina-a-Assistente-Virtual-Do-G.E.R.A/logs/app.log - MainThread
2026-01-23 18:54:23,901[__main__] - INFO - Created qasync event loop - MainThread
2026-01-23 18:54:23,910[__main__] - INFO - Starting Xiaozhi GUI (standalone mode) - MainThread
2026-01-23 18:54:28,551[src.utils.config_manager] - INFO - Config directory: /home/kali/Documents/Mina-a-Assistente-Virtual-Do-G.E.R.A/config - MainThread
2026-01-23 18:54:28,552[src.utils.config_manager] - INFO - Config file: /home/kali/Documents/Mina-a-Assistente-Virtual-Do-G.E.R.A/config/config.json - MainThread
2026-01-23 18:54:31,136[__main__] - INFO - GUI started successfully - MainThread
2026-01-23 18:55:37,730[__main__] - INFO - Aborted - MainThread
2026-01-23 18:55:43,906[__main__] - INFO - Aborted - MainThread
2026-01-23 18:55:49,936[GuiDisplay] - INFO - 开始退出应用程序... - MainThread
2026-01-23 18:55:49,989[__main__] - ERROR - Program exited with error: Event loop stopped before Future completed. - MainThread
Traceback (most recent call last):
  File "/home/kali/Documents/Mina-a-Assistente-Virtual-Do-G.E.R.A/main_gui.py", line 275, in main
    exit_code = loop.run_until_complete(run_gui(fullscreen=fullscreen))
                ^^^^^^^^^^^^^^^^^^^^^^^^^^^^^^^^^^^^^^^^^^^^^^^^^^^^^^^
  File "/home/kali/.local/lib/python3.11/site-packages/qasync/__init__.py", line 406, in run_until_complete
    raise RuntimeError("Event loop stopped before Future completed.")
RuntimeError: Event loop stopped before Future completed.
2026-01-23 18:55:50,242[qasync._QEventLoop] - ERROR - Task was destroyed but it is pending!
task: <Task pending name='Task-1' coro=<run_gui() running at /home/kali/Documents/Mina-a-Assistente-Virtual-Do-G.E.R.A/main_gui.py:236> wait_for=<Future pending cb=[_chain_future.<locals>._call_check_cancel() at /usr/lib/python3.11/asyncio/futures.py:387, Task.task_wakeup()]>> - MainThread
2026-01-23 19:12:36,067[root] - INFO - Logging initialized, log file: /home/kali/Documents/Mina-a-Assistente-Virtual-Do-G.E.R.A/logs/app.log - MainThread
2026-01-23 19:12:38,138[__main__] - INFO - Created qasync event loop - MainThread
2026-01-23 19:12:38,164[__main__] - INFO - Starting Xiaozhi GUI (standalone mode) - MainThread
2026-01-23 19:12:43,119[src.utils.config_manager] - INFO - Config directory: /home/kali/Documents/Mina-a-Assistente-Virtual-Do-G.E.R.A/config - MainThread
2026-01-23 19:12:43,119[src.utils.config_manager] - INFO - Config file: /home/kali/Documents/Mina-a-Assistente-Virtual-Do-G.E.R.A/config/config.json - MainThread
2026-01-23 19:12:45,932[__main__] - INFO - GUI started successfully - MainThread
2026-01-23 19:13:00,542[GuiDisplay] - INFO - 开始退出应用程序... - MainThread
2026-01-23 19:13:00,553[__main__] - INFO - GUI closed before loop completion - MainThread
2026-01-23 19:13:00,906[qasync._QEventLoop] - ERROR - Task was destroyed but it is pending!
task: <Task pending name='Task-1' coro=<run_gui() running at /home/kali/Documents/Mina-a-Assistente-Virtual-Do-G.E.R.A/main_gui.py:247> wait_for=<Future pending cb=[_chain_future.<locals>._call_check_cancel() at /usr/lib/python3.11/asyncio/futures.py:387, Task.task_wakeup()]>> - MainThread
2026-01-23 19:13:32,009[root] - INFO - Logging initialized, log file: /home/kali/Documents/Mina-a-Assistente-Virtual-Do-G.E.R.A/logs/app.log - MainThread
2026-01-23 19:13:32,289[__main__] - INFO - Created qasync event loop - MainThread
2026-01-23 19:13:32,290[__main__] - INFO - Starting Xiaozhi GUI (standalone mode) - MainThread
2026-01-23 19:13:33,165[src.utils.config_manager] - INFO - Config directory: /home/kali/Documents/Mina-a-Assistente-Virtual-Do-G.E.R.A/config - MainThread
2026-01-23 19:13:33,166[src.utils.config_manager] - INFO - Config file: /home/kali/Documents/Mina-a-Assistente-Virtual-Do-G.E.R.A/config/config.json - MainThread
2026-01-23 19:13:33,552[__main__] - INFO - GUI started successfully - MainThread
2026-01-23 19:24:34,171[GuiDisplay] - INFO - 开始退出应用程序... - MainThread
2026-01-23 19:24:34,606[GuiDisplay] - INFO - 开始退出应用程序... - MainThread
2026-01-23 19:24:34,607[GuiDisplay] - INFO - 开始退出应用程序... - MainThread
2026-01-23 19:24:34,904[__main__] - INFO - GUI closed before loop completion - MainThread
2026-01-23 19:24:36,222[qasync._QEventLoop] - ERROR - Task was destroyed but it is pending!
task: <Task pending name='Task-1' coro=<run_gui() running at /home/kali/Documents/Mina-a-Assistente-Virtual-Do-G.E.R.A/main_gui.py:247> wait_for=<Future pending cb=[_chain_future.<locals>._call_check_cancel() at /usr/lib/python3.11/asyncio/futures.py:387, Task.task_wakeup()]>> - MainThread
2026-01-23 19:24:42,454[root] - INFO - Logging initialized, log file: /home/kali/Documents/Mina-a-Assistente-Virtual-Do-G.E.R.A/logs/app.log - MainThread
2026-01-23 19:24:43,107[__main__] - INFO - Created qasync event loop - MainThread
2026-01-23 19:24:43,108[__main__] - INFO - Starting Xiaozhi GUI (standalone mode) - MainThread
2026-01-23 19:24:45,904[src.utils.config_manager] - INFO - Config directory: /home/kali/Documents/Mina-a-Assistente-Virtual-Do-G.E.R.A/config - MainThread
2026-01-23 19:24:45,905[src.utils.config_manager] - INFO - Config file: /home/kali/Documents/Mina-a-Assistente-Virtual-Do-G.E.R.A/config/config.json - MainThread
2026-01-23 19:24:47,599[__main__] - INFO - GUI started successfully - MainThread
2026-01-23 19:24:53,427[__main__] - INFO - STT: starting recording - MainThread
2026-01-23 19:24:53,429[src.utils.stt_client] - INFO - Starting STT recording - Dummy-1
2026-01-23 19:24:55,443[__main__] - INFO - STT: stopping recording and transcribing - MainThread
2026-01-23 19:24:55,443[src.utils.stt_client] - INFO - Stopping STT recording - Dummy-2
2026-01-23 19:24:56,032[src.utils.stt_client] - WARNING - Native STT returned no transcription - Dummy-2
2026-01-23 19:24:56,034[__main__] - WARNING - STT: transcription empty - MainThread
2026-01-23 19:27:03,722[GuiDisplay] - INFO - 开始退出应用程序... - MainThread
2026-01-23 19:27:03,761[__main__] - INFO - GUI closed before loop completion - MainThread
2026-01-23 19:39:06,927[root] - INFO - Logging initialized, log file: /home/kali/Documents/Mina-a-Assistente-Virtual-Do-G.E.R.A/logs/app.log - MainThread
2026-01-23 19:39:07,798[__main__] - INFO - Created qasync event loop - MainThread
2026-01-23 19:39:07,807[__main__] - INFO - Starting Xiaozhi GUI (standalone mode) - MainThread
2026-01-23 19:39:11,247[src.utils.config_manager] - INFO - Config directory: /home/kali/Documents/Mina-a-Assistente-Virtual-Do-G.E.R.A/config - MainThread
2026-01-23 19:39:11,248[src.utils.config_manager] - INFO - Config file: /home/kali/Documents/Mina-a-Assistente-Virtual-Do-G.E.R.A/config/config.json - MainThread
2026-01-23 19:39:13,716[__main__] - INFO - GUI started successfully - MainThread
2026-01-23 19:39:21,084[__main__] - INFO - STT: starting recording - MainThread
2026-01-23 19:39:21,085[src.utils.stt_client] - INFO - Starting STT recording - Dummy-1
2026-01-23 19:39:23,307[__main__] - INFO - STT: stopping recording and transcribing - MainThread
2026-01-23 19:39:23,308[src.utils.stt_client] - INFO - Stopping STT recording - Dummy-2
2026-01-23 19:39:24,663[src.utils.stt_client] - INFO - Transcription received (21 chars) - Dummy-2
2026-01-23 19:39:24,665[__main__] - INFO - STT: raw response length=20 - MainThread
2026-01-23 19:39:24,666[__main__] - INFO - STT: parsed transcription length=20 - MainThread
2026-01-23 19:39:34,716[__main__] - INFO - STT: starting recording - MainThread
2026-01-23 19:39:34,717[src.utils.stt_client] - INFO - Starting STT recording - Dummy-3
2026-01-23 19:39:38,459[__main__] - INFO - STT: stopping recording and transcribing - MainThread
2026-01-23 19:39:38,460[src.utils.stt_client] - INFO - Stopping STT recording - Dummy-4
2026-01-23 19:39:39,097[src.utils.stt_client] - INFO - Transcription received (54 chars) - Dummy-4
2026-01-23 19:39:39,099[__main__] - INFO - STT: raw response length=53 - MainThread
2026-01-23 19:39:39,099[__main__] - INFO - STT: parsed transcription length=53 - MainThread
2026-01-23 19:39:45,317[__main__] - INFO - STT: starting recording - MainThread
2026-01-23 19:39:45,318[src.utils.stt_client] - INFO - Starting STT recording - Dummy-5
2026-01-23 19:39:47,931[__main__] - INFO - STT: stopping recording and transcribing - MainThread
2026-01-23 19:39:47,931[src.utils.stt_client] - INFO - Stopping STT recording - Dummy-6
2026-01-23 19:39:48,700[src.utils.stt_client] - INFO - Transcription received (34 chars) - Dummy-6
2026-01-23 19:39:48,701[__main__] - INFO - STT: raw response length=33 - MainThread
2026-01-23 19:39:48,702[__main__] - INFO - STT: parsed transcription length=33 - MainThread
2026-01-23 19:40:37,475[GuiDisplay] - INFO - 开始退出应用程序... - MainThread
2026-01-23 19:40:37,477[__main__] - INFO - GUI closed before loop completion - MainThread
2026-01-27 13:26:02,183[root] - INFO - Logging initialized, log file: /home/kali/Documentos/Mina-a-Assistente-Virtual-Do-G.E.R.A/logs/app.log - MainThread
2026-01-27 13:26:03,506[__main__] - INFO - Created qasync event loop - MainThread
2026-01-27 13:26:03,507[__main__] - INFO - Starting Xiaozhi GUI (standalone mode) - MainThread
2026-01-27 13:26:04,633[src.utils.config_manager] - INFO - Config directory: /home/kali/Documentos/Mina-a-Assistente-Virtual-Do-G.E.R.A/config - MainThread
2026-01-27 13:26:04,634[src.utils.config_manager] - INFO - Config file: /home/kali/Documentos/Mina-a-Assistente-Virtual-Do-G.E.R.A/config/config.json - MainThread
2026-01-27 13:26:04,635[src.utils.config_manager] - INFO - Created models directory: /home/kali/Documentos/Mina-a-Assistente-Virtual-Do-G.E.R.A/models - MainThread
2026-01-27 13:26:04,636[src.utils.config_manager] - INFO - Created cache directory: /home/kali/Documentos/Mina-a-Assistente-Virtual-Do-G.E.R.A/cache - MainThread
2026-01-27 13:26:12,666[src.utils.wake_word_listener] - ERROR - Wake word listener error - Thread-1 (_run)
Traceback (most recent call last):
  File "/home/kali/Documentos/Mina-a-Assistente-Virtual-Do-G.E.R.A/src/utils/wake_word_listener.py", line 63, in _run
    raise RuntimeError("Missing Picovoice access key in $picovoicekey")
RuntimeError: Missing Picovoice access key in $picovoicekey
2026-01-27 13:26:12,715[__main__] - ERROR - Wake word error: Missing Picovoice access key in $picovoicekey - Thread-1 (_run)
2026-01-27 13:26:12,666[__main__] - INFO - GUI started successfully - MainThread
2026-01-27 13:26:12,835[GuiDisplay] - INFO - 开始退出应用程序... - MainThread
2026-01-27 13:26:12,903[__main__] - ERROR - GUI error: no running event loop - MainThread
Traceback (most recent call last):
  File "/home/kali/Documentos/Mina-a-Assistente-Virtual-Do-G.E.R.A/main_gui.py", line 300, in run_gui
    await stt_controller.shutdown()
  File "/home/kali/Documentos/Mina-a-Assistente-Virtual-Do-G.E.R.A/main_gui.py", line 126, in shutdown
    await asyncio.to_thread(self._stt_client.shutdown)
  File "/usr/lib/python3.11/asyncio/threads.py", line 22, in to_thread
    loop = events.get_running_loop()
           ^^^^^^^^^^^^^^^^^^^^^^^^^
RuntimeError: no running event loop
2026-01-27 13:26:24,720[src.utils.stt_client] - INFO - Shutting down native STT - MainThread
2026-01-27 13:43:51,090[root] - INFO - Logging initialized, log file: /home/kali/Documentos/Mina-a-Assistente-Virtual-Do-G.E.R.A/logs/app.log - MainThread
2026-01-27 13:43:51,415[__main__] - INFO - Created qasync event loop - MainThread
2026-01-27 13:43:51,416[__main__] - INFO - Starting Xiaozhi GUI (standalone mode) - MainThread
2026-01-27 13:43:52,091[src.utils.config_manager] - INFO - Config directory: /home/kali/Documentos/Mina-a-Assistente-Virtual-Do-G.E.R.A/config - MainThread
2026-01-27 13:43:52,091[src.utils.config_manager] - INFO - Config file: /home/kali/Documentos/Mina-a-Assistente-Virtual-Do-G.E.R.A/config/config.json - MainThread
2026-01-27 13:43:52,631[__main__] - INFO - GUI started successfully - MainThread
2026-01-27 13:43:52,633[src.utils.wake_word_listener] - ERROR - Wake word listener error - Thread-1 (_run)
Traceback (most recent call last):
  File "/home/kali/Documentos/Mina-a-Assistente-Virtual-Do-G.E.R.A/src/utils/wake_word_listener.py", line 83, in _run
    raise RuntimeError("Porcupine keyword (.ppn) file not found")
RuntimeError: Porcupine keyword (.ppn) file not found
2026-01-27 13:43:52,634[__main__] - ERROR - Wake word error: Porcupine keyword (.ppn) file not found - Thread-1 (_run)
2026-01-27 13:44:16,418[GuiDisplay] - INFO - 开始退出应用程序... - MainThread
2026-01-27 13:44:16,438[src.utils.stt_client] - INFO - Shutting down native STT - Dummy-2
2026-01-27 13:44:16,441[__main__] - INFO - GUI closed before loop completion - MainThread
2026-01-27 13:44:16,511[qasync._QEventLoop] - ERROR - Task was destroyed but it is pending!
task: <Task pending name='Task-1' coro=<run_gui() running at /home/kali/Documentos/Mina-a-Assistente-Virtual-Do-G.E.R.A/main_gui.py:300> wait_for=<Future pending cb=[_chain_future.<locals>._call_check_cancel() at /usr/lib/python3.11/asyncio/futures.py:387, Task.task_wakeup()]>> - MainThread
2026-01-27 13:44:16,512[src.utils.stt_client] - INFO - Shutting down native STT - MainThread
2026-01-27 13:44:45,563[root] - INFO - Logging initialized, log file: /home/kali/Documentos/Mina-a-Assistente-Virtual-Do-G.E.R.A/logs/app.log - MainThread
2026-01-27 13:44:45,596[__main__] - INFO - Created qasync event loop - MainThread
2026-01-27 13:44:45,597[__main__] - INFO - Starting Xiaozhi GUI (standalone mode) - MainThread
2026-01-27 13:44:45,946[src.utils.config_manager] - INFO - Config directory: /home/kali/Documentos/Mina-a-Assistente-Virtual-Do-G.E.R.A/config - MainThread
2026-01-27 13:44:45,947[src.utils.config_manager] - INFO - Config file: /home/kali/Documentos/Mina-a-Assistente-Virtual-Do-G.E.R.A/config/config.json - MainThread
2026-01-27 13:44:46,165[__main__] - INFO - GUI started successfully - MainThread
2026-01-27 13:44:46,498[src.utils.wake_word_listener] - INFO - Wake word listener started - Thread-1 (_run)
2026-01-27 13:44:52,103[src.utils.wake_word_listener] - INFO - Wake word detected - Thread-1 (_run)
2026-01-27 13:44:52,104[__main__] - INFO - STT: starting recording - MainThread
2026-01-27 13:44:52,108[src.utils.stt_client] - INFO - Starting STT recording - Dummy-2
2026-01-27 13:44:56,539[__main__] - INFO - STT: stopping recording and transcribing - MainThread
2026-01-27 13:44:56,540[src.utils.stt_client] - INFO - Stopping STT recording - Dummy-3
2026-01-27 13:44:57,572[src.utils.stt_client] - INFO - Transcription received (11 chars) - Dummy-3
2026-01-27 13:44:57,575[__main__] - INFO - STT: raw response length=10 - MainThread
2026-01-27 13:44:57,575[__main__] - INFO - STT: parsed transcription length=10 - MainThread
2026-01-27 13:45:16,959[__main__] - INFO - STT: starting recording - MainThread
2026-01-27 13:45:16,960[src.utils.stt_client] - INFO - Starting STT recording - Dummy-4
2026-01-27 13:45:19,211[__main__] - INFO - STT: stopping recording and transcribing - MainThread
2026-01-27 13:45:19,212[src.utils.stt_client] - INFO - Stopping STT recording - Dummy-5
2026-01-27 13:45:20,077[src.utils.stt_client] - INFO - Transcription received (11 chars) - Dummy-5
2026-01-27 13:45:20,078[__main__] - INFO - STT: raw response length=10 - MainThread
2026-01-27 13:45:20,079[__main__] - INFO - STT: parsed transcription length=10 - MainThread
2026-01-27 13:45:36,445[__main__] - INFO - STT: starting recording - MainThread
2026-01-27 13:45:36,446[src.utils.stt_client] - INFO - Starting STT recording - Dummy-6
2026-01-27 13:45:38,907[__main__] - INFO - STT: stopping recording and transcribing - MainThread
2026-01-27 13:45:38,908[src.utils.stt_client] - INFO - Stopping STT recording - Dummy-7
2026-01-27 13:45:44,158[src.utils.stt_client] - INFO - Transcription received (11 chars) - Dummy-7
2026-01-27 13:45:44,159[__main__] - INFO - STT: raw response length=10 - MainThread
2026-01-27 13:45:44,160[__main__] - INFO - STT: parsed transcription length=10 - MainThread
2026-01-27 13:46:33,774[__main__] - INFO - STT: starting recording - MainThread
2026-01-27 13:46:33,775[src.utils.stt_client] - INFO - Starting STT recording - Dummy-8
2026-01-27 13:46:36,043[__main__] - INFO - STT: stopping recording and transcribing - MainThread
2026-01-27 13:46:36,044[src.utils.stt_client] - INFO - Stopping STT recording - Dummy-9
2026-01-27 13:46:36,936[src.utils.stt_client] - INFO - Transcription received (11 chars) - Dummy-9
2026-01-27 13:46:36,938[__main__] - INFO - STT: raw response length=10 - MainThread
2026-01-27 13:46:36,938[__main__] - INFO - STT: parsed transcription length=10 - MainThread
2026-01-27 13:46:55,391[GuiDisplay] - INFO - 开始退出应用程序... - MainThread
2026-01-27 13:46:55,395[__main__] - INFO - GUI closed before loop completion - MainThread
2026-01-27 13:53:01,740[root] - INFO - Logging initialized, log file: /home/kali/Documentos/Mina-a-Assistente-Virtual-Do-G.E.R.A/logs/app.log - MainThread
2026-01-27 13:53:02,638[__main__] - INFO - Created qasync event loop - MainThread
2026-01-27 13:53:02,654[__main__] - INFO - Starting Xiaozhi GUI (standalone mode) - MainThread
2026-01-27 13:53:03,470[src.utils.config_manager] - INFO - Config directory: /home/kali/Documentos/Mina-a-Assistente-Virtual-Do-G.E.R.A/config - MainThread
2026-01-27 13:53:03,471[src.utils.config_manager] - INFO - Config file: /home/kali/Documentos/Mina-a-Assistente-Virtual-Do-G.E.R.A/config/config.json - MainThread
2026-01-27 13:53:08,765[__main__] - INFO - GUI started successfully - MainThread
2026-01-27 13:53:09,699[src.utils.wake_word_listener] - INFO - Wake word listener started - Thread-1 (_run)
2026-01-27 13:53:23,908[__main__] - INFO - STT: starting recording - MainThread
2026-01-27 13:53:23,939[src.utils.stt_client] - INFO - Starting STT recording - Dummy-2
2026-01-27 13:53:26,459[__main__] - INFO - STT: stopping recording and transcribing - MainThread
2026-01-27 13:53:26,460[src.utils.stt_client] - INFO - Stopping STT recording - Dummy-3
2026-01-27 13:53:27,459[src.utils.stt_client] - INFO - Transcription received (15 chars) - Dummy-3
2026-01-27 13:53:27,461[__main__] - INFO - STT: raw response length=14 - MainThread
2026-01-27 13:53:27,462[__main__] - INFO - STT: parsed transcription length=14 - MainThread
2026-01-27 13:53:38,182[GuiDisplay] - INFO - 开始退出应用程序... - MainThread
2026-01-27 13:53:38,185[__main__] - INFO - GUI closed before loop completion - MainThread
2026-01-27 13:53:40,970[root] - INFO - Logging initialized, log file: /home/kali/Documentos/Mina-a-Assistente-Virtual-Do-G.E.R.A/logs/app.log - MainThread
2026-01-27 13:53:41,021[__main__] - INFO - Created qasync event loop - MainThread
2026-01-27 13:53:41,022[__main__] - INFO - Starting Xiaozhi GUI (standalone mode) - MainThread
2026-01-27 13:53:41,382[src.utils.config_manager] - INFO - Config directory: /home/kali/Documentos/Mina-a-Assistente-Virtual-Do-G.E.R.A/config - MainThread
2026-01-27 13:53:41,382[src.utils.config_manager] - INFO - Config file: /home/kali/Documentos/Mina-a-Assistente-Virtual-Do-G.E.R.A/config/config.json - MainThread
2026-01-27 13:53:41,777[__main__] - INFO - GUI started successfully - MainThread
2026-01-27 13:53:41,973[src.utils.wake_word_listener] - INFO - Wake word listener started - Thread-1 (_run)
2026-01-27 13:54:22,017[GuiDisplay] - INFO - 开始退出应用程序... - MainThread
2026-01-27 13:54:22,073[src.utils.stt_client] - INFO - Shutting down native STT - Dummy-2
2026-01-27 13:54:22,081[__main__] - INFO - GUI closed before loop completion - MainThread
2026-01-27 13:54:22,176[qasync._QEventLoop] - ERROR - Task was destroyed but it is pending!
task: <Task pending name='Task-1' coro=<run_gui() running at /home/kali/Documentos/Mina-a-Assistente-Virtual-Do-G.E.R.A/main_gui.py:300> wait_for=<Future pending cb=[_chain_future.<locals>._call_check_cancel() at /usr/lib/python3.11/asyncio/futures.py:387, Task.task_wakeup()]>> - MainThread
2026-01-27 13:54:22,177[src.utils.stt_client] - INFO - Shutting down native STT - MainThread
2026-01-27 13:55:52,671[root] - INFO - Logging initialized, log file: /home/kali/Documentos/Mina-a-Assistente-Virtual-Do-G.E.R.A/logs/app.log - MainThread
2026-01-27 13:55:53,537[__main__] - INFO - Created qasync event loop - MainThread
2026-01-27 13:55:53,585[__main__] - INFO - Starting Xiaozhi GUI (standalone mode) - MainThread
2026-01-27 13:55:54,679[src.utils.config_manager] - INFO - Config directory: /home/kali/Documentos/Mina-a-Assistente-Virtual-Do-G.E.R.A/config - MainThread
2026-01-27 13:55:54,680[src.utils.config_manager] - INFO - Config file: /home/kali/Documentos/Mina-a-Assistente-Virtual-Do-G.E.R.A/config/config.json - MainThread
2026-01-27 13:56:03,330[__main__] - INFO - GUI started successfully - MainThread
2026-01-27 13:56:04,126[src.utils.wake_word_listener] - INFO - Wake word listener started - Thread-1 (_run)
2026-01-27 13:56:07,552[src.utils.wake_word_listener] - INFO - Wake word detected - Thread-1 (_run)
2026-01-27 13:56:07,554[__main__] - INFO - STT: starting recording - MainThread
2026-01-27 13:56:07,612[src.utils.stt_client] - INFO - Starting STT recording - Dummy-2
2026-01-27 13:56:10,837[__main__] - INFO - STT: stopping recording and transcribing - MainThread
2026-01-27 13:56:10,838[src.utils.stt_client] - INFO - Stopping STT recording - Dummy-3
2026-01-27 13:56:11,889[src.utils.stt_client] - INFO - Transcription received (21 chars) - Dummy-3
2026-01-27 13:56:11,891[__main__] - INFO - STT: raw response length=20 - MainThread
2026-01-27 13:56:11,892[__main__] - INFO - STT: parsed transcription length=20 - MainThread
2026-01-27 13:56:19,455[src.utils.wake_word_listener] - INFO - Wake word detected - Thread-1 (_run)
2026-01-27 13:56:19,459[__main__] - INFO - STT: starting recording - MainThread
2026-01-27 13:56:19,459[src.utils.stt_client] - INFO - Starting STT recording - Dummy-4
2026-01-27 13:56:22,843[__main__] - INFO - STT: stopping recording and transcribing - MainThread
2026-01-27 13:56:22,844[src.utils.stt_client] - INFO - Stopping STT recording - Dummy-5
2026-01-27 13:56:23,660[src.utils.stt_client] - INFO - Transcription received (35 chars) - Dummy-5
2026-01-27 13:56:23,661[__main__] - INFO - STT: raw response length=34 - MainThread
2026-01-27 13:56:23,662[__main__] - INFO - STT: parsed transcription length=34 - MainThread
2026-01-27 13:57:54,495[src.utils.wake_word_listener] - INFO - Wake word detected - Thread-1 (_run)
2026-01-27 13:57:54,499[__main__] - INFO - STT: starting recording - MainThread
2026-01-27 13:57:54,499[src.utils.stt_client] - INFO - Starting STT recording - Dummy-6
2026-01-27 13:57:55,968[src.utils.wake_word_listener] - INFO - Wake word detected - Thread-1 (_run)
2026-01-27 13:57:59,715[__main__] - INFO - STT: stopping recording and transcribing - MainThread
2026-01-27 13:57:59,716[src.utils.stt_client] - INFO - Stopping STT recording - Dummy-7
2026-01-27 13:58:00,614[src.utils.stt_client] - INFO - Transcription received (27 chars) - Dummy-7
2026-01-27 13:58:00,616[__main__] - INFO - STT: raw response length=26 - MainThread
2026-01-27 13:58:00,617[__main__] - INFO - STT: parsed transcription length=26 - MainThread
2026-01-27 13:58:32,895[src.utils.wake_word_listener] - INFO - Wake word detected - Thread-1 (_run)
2026-01-27 13:58:32,899[__main__] - INFO - STT: starting recording - MainThread
2026-01-27 13:58:32,900[src.utils.stt_client] - INFO - Starting STT recording - Dummy-8
2026-01-27 13:58:34,933[__main__] - INFO - STT: stopping recording and transcribing - MainThread
2026-01-27 13:58:34,934[src.utils.stt_client] - INFO - Stopping STT recording - Dummy-9
2026-01-27 13:58:35,833[src.utils.stt_client] - INFO - Transcription received (17 chars) - Dummy-9
2026-01-27 13:58:35,834[__main__] - INFO - STT: raw response length=16 - MainThread
2026-01-27 13:58:35,834[__main__] - INFO - STT: parsed transcription length=16 - MainThread
2026-01-27 13:58:50,038[__main__] - INFO - STT: starting recording - MainThread
2026-01-27 13:58:50,039[src.utils.stt_client] - INFO - Starting STT recording - Dummy-10
2026-01-27 13:58:52,579[__main__] - INFO - STT: stopping recording and transcribing - MainThread
2026-01-27 13:58:52,580[src.utils.stt_client] - INFO - Stopping STT recording - Dummy-11
2026-01-27 13:58:53,383[src.utils.stt_client] - INFO - Transcription received (15 chars) - Dummy-11
2026-01-27 13:58:53,385[__main__] - INFO - STT: raw response length=14 - MainThread
2026-01-27 13:58:53,385[__main__] - INFO - STT: parsed transcription length=14 - MainThread
2026-01-27 13:59:38,944[src.utils.wake_word_listener] - INFO - Wake word detected - Thread-1 (_run)
2026-01-27 13:59:38,949[__main__] - INFO - STT: starting recording - MainThread
2026-01-27 13:59:38,950[src.utils.stt_client] - INFO - Starting STT recording - Dummy-2
2026-01-27 13:59:44,243[__main__] - INFO - STT: stopping recording and transcribing - MainThread
2026-01-27 13:59:44,244[src.utils.stt_client] - INFO - Stopping STT recording - Dummy-3
2026-01-27 13:59:45,365[src.utils.stt_client] - INFO - Transcription received (47 chars) - Dummy-3
2026-01-27 13:59:45,366[__main__] - INFO - STT: raw response length=46 - MainThread
2026-01-27 13:59:45,367[__main__] - INFO - STT: parsed transcription length=46 - MainThread
2026-01-27 14:00:53,248[src.utils.wake_word_listener] - INFO - Wake word detected - Thread-1 (_run)
2026-01-27 14:00:53,252[__main__] - INFO - STT: starting recording - MainThread
2026-01-27 14:00:53,252[src.utils.stt_client] - INFO - Starting STT recording - Dummy-4
2026-01-27 14:00:55,619[__main__] - INFO - STT: stopping recording and transcribing - MainThread
2026-01-27 14:00:55,620[src.utils.stt_client] - INFO - Stopping STT recording - Dummy-5
2026-01-27 14:00:56,223[src.utils.stt_client] - INFO - Transcription received (13 chars) - Dummy-5
2026-01-27 14:00:56,224[__main__] - INFO - STT: raw response length=12 - MainThread
2026-01-27 14:00:56,225[__main__] - INFO - STT: parsed transcription length=12 - MainThread
2026-01-27 14:01:30,432[src.utils.wake_word_listener] - INFO - Wake word detected - Thread-1 (_run)
2026-01-27 14:01:30,437[__main__] - INFO - STT: starting recording - MainThread
2026-01-27 14:01:30,438[src.utils.stt_client] - INFO - Starting STT recording - Dummy-6
2026-01-27 14:01:36,932[__main__] - INFO - STT: stopping recording and transcribing - MainThread
2026-01-27 14:01:36,934[src.utils.stt_client] - INFO - Stopping STT recording - Dummy-7
2026-01-27 14:01:38,060[src.utils.stt_client] - INFO - Transcription received (17 chars) - Dummy-7
2026-01-27 14:01:38,061[__main__] - INFO - STT: raw response length=16 - MainThread
2026-01-27 14:01:38,062[__main__] - INFO - STT: parsed transcription length=16 - MainThread
2026-01-27 14:01:57,828[GuiDisplay] - INFO - 开始退出应用程序... - MainThread
2026-01-27 14:01:57,846[__main__] - INFO - GUI closed before loop completion - MainThread
2026-01-27 14:02:21,237[root] - INFO - Logging initialized, log file: /home/kali/Documentos/Mina-a-Assistente-Virtual-Do-G.E.R.A/logs/app.log - MainThread
2026-01-27 14:02:21,459[__main__] - INFO - Created qasync event loop - MainThread
2026-01-27 14:02:21,460[__main__] - INFO - Starting Xiaozhi GUI (standalone mode) - MainThread
2026-01-27 14:02:21,830[src.utils.config_manager] - INFO - Config directory: /home/kali/Documentos/Mina-a-Assistente-Virtual-Do-G.E.R.A/config - MainThread
2026-01-27 14:02:21,830[src.utils.config_manager] - INFO - Config file: /home/kali/Documentos/Mina-a-Assistente-Virtual-Do-G.E.R.A/config/config.json - MainThread
2026-01-27 14:02:22,175[__main__] - INFO - GUI started successfully - MainThread
2026-01-27 14:02:22,398[src.utils.wake_word_listener] - INFO - Wake word listener started - Thread-1 (_run)
2026-01-27 14:02:26,081[src.utils.wake_word_listener] - INFO - Wake word detected - Thread-1 (_run)
2026-01-27 14:02:26,085[__main__] - INFO - STT: starting recording - MainThread
2026-01-27 14:02:26,089[src.utils.stt_client] - INFO - Starting STT recording - Dummy-2
2026-01-27 14:02:27,827[__main__] - INFO - STT: stopping recording and transcribing - MainThread
2026-01-27 14:02:27,828[src.utils.stt_client] - INFO - Stopping STT recording - Dummy-3
2026-01-27 14:02:28,532[src.utils.stt_client] - INFO - Transcription received (17 chars) - Dummy-3
2026-01-27 14:02:28,534[__main__] - INFO - STT: raw response length=16 - MainThread
2026-01-27 14:02:28,534[__main__] - INFO - STT: parsed transcription length=16 - MainThread
2026-01-27 14:02:36,019[GuiDisplay] - INFO - 开始退出应用程序... - MainThread
2026-01-27 14:02:36,022[__main__] - INFO - GUI closed before loop completion - MainThread
2026-01-28 12:38:28,289[root] - INFO - Logging initialized, log file: /home/kali/Documentos/Mina-a-Assistente-Virtual-Do-G.E.R.A/logs/app.log - MainThread
2026-01-28 12:38:29,342[__main__] - INFO - Created qasync event loop - MainThread
2026-01-28 12:38:29,365[__main__] - INFO - Starting Xiaozhi GUI (standalone mode) - MainThread
2026-01-28 12:38:29,842[src.utils.config_manager] - INFO - Config directory: /home/kali/Documentos/Mina-a-Assistente-Virtual-Do-G.E.R.A/config - MainThread
2026-01-28 12:38:29,843[src.utils.config_manager] - INFO - Config file: /home/kali/Documentos/Mina-a-Assistente-Virtual-Do-G.E.R.A/config/config.json - MainThread
2026-01-28 12:38:35,952[__main__] - INFO - GUI started successfully - MainThread
2026-01-28 12:38:37,142[src.utils.wake_word_listener] - INFO - Wake word listener started - Thread-1 (_run)
2026-01-28 12:38:46,953[src.utils.wake_word_listener] - INFO - Wake word detected - Thread-1 (_run)
2026-01-28 12:38:46,986[__main__] - INFO - STT: starting recording - MainThread
2026-01-28 12:38:47,483[src.utils.stt_client] - INFO - Starting STT recording - Dummy-2
2026-01-28 12:38:51,817[__main__] - INFO - STT: stopping recording and transcribing - MainThread
2026-01-28 12:38:51,818[src.utils.stt_client] - INFO - Stopping STT recording - Dummy-3
2026-01-28 12:38:53,731[src.utils.stt_client] - INFO - Transcription received (38 chars) - Dummy-3
2026-01-28 12:38:53,733[__main__] - INFO - STT: raw response length=37 - MainThread
2026-01-28 12:38:53,734[__main__] - INFO - STT: parsed transcription length=37 - MainThread
2026-01-28 12:39:32,204[src.utils.wake_word_listener] - INFO - Wake word detected - Thread-1 (_run)
2026-01-28 12:39:32,234[__main__] - INFO - STT: starting recording - MainThread
2026-01-28 12:39:32,235[src.utils.stt_client] - INFO - Starting STT recording - Dummy-4
2026-01-28 12:39:45,397[__main__] - INFO - STT: stopping recording and transcribing - MainThread
2026-01-28 12:39:45,400[src.utils.stt_client] - INFO - Stopping STT recording - Dummy-5
2026-01-28 12:39:46,811[src.utils.stt_client] - INFO - Transcription received (51 chars) - Dummy-5
2026-01-28 12:39:46,812[__main__] - INFO - STT: raw response length=50 - MainThread
2026-01-28 12:39:46,813[__main__] - INFO - STT: parsed transcription length=50 - MainThread
2026-01-28 12:40:46,663[GuiDisplay] - INFO - 开始退出应用程序... - MainThread
2026-01-28 12:40:46,705[__main__] - INFO - GUI closed before loop completion - MainThread
2026-01-28 12:41:33,454[root] - INFO - Logging initialized, log file: /home/kali/Documentos/Mina-a-Assistente-Virtual-Do-G.E.R.A/logs/app.log - MainThread
2026-01-28 12:41:34,151[__main__] - INFO - Created qasync event loop - MainThread
2026-01-28 12:41:34,182[__main__] - INFO - Starting Xiaozhi GUI (standalone mode) - MainThread
2026-01-28 12:41:34,435[src.utils.config_manager] - INFO - Config directory: /home/kali/Documentos/Mina-a-Assistente-Virtual-Do-G.E.R.A/config - MainThread
2026-01-28 12:41:34,436[src.utils.config_manager] - INFO - Config file: /home/kali/Documentos/Mina-a-Assistente-Virtual-Do-G.E.R.A/config/config.json - MainThread
2026-01-28 12:41:40,244[__main__] - INFO - GUI started successfully - MainThread
2026-01-28 12:41:41,494[src.utils.wake_word_listener] - INFO - Wake word listener started - Thread-1 (_run)
2026-01-28 12:41:56,757[src.utils.wake_word_listener] - INFO - Wake word detected - Thread-1 (_run)
2026-01-28 12:41:57,334[__main__] - INFO - STT: starting recording - MainThread
2026-01-28 12:41:57,342[src.utils.stt_client] - INFO - Starting STT recording - Dummy-2
2026-01-28 12:42:00,537[__main__] - INFO - STT: stopping recording and transcribing - MainThread
2026-01-28 12:42:00,538[src.utils.stt_client] - INFO - Stopping STT recording - Dummy-3
2026-01-28 12:42:01,500[src.utils.stt_client] - INFO - Transcription received (17 chars) - Dummy-3
2026-01-28 12:42:01,502[__main__] - INFO - STT: raw response length=16 - MainThread
2026-01-28 12:42:01,503[__main__] - INFO - STT: parsed transcription length=16 - MainThread
2026-01-28 12:42:12,883[src.utils.wake_word_listener] - INFO - Wake word detected - Thread-1 (_run)
2026-01-28 12:42:12,890[__main__] - INFO - STT: starting recording - MainThread
2026-01-28 12:42:12,890[src.utils.stt_client] - INFO - Starting STT recording - Dummy-4
2026-01-28 12:42:15,830[__main__] - INFO - STT: stopping recording and transcribing - MainThread
2026-01-28 12:42:15,831[src.utils.stt_client] - INFO - Stopping STT recording - Dummy-5
2026-01-28 12:42:16,512[src.utils.stt_client] - INFO - Transcription received (17 chars) - Dummy-5
2026-01-28 12:42:16,514[__main__] - INFO - STT: raw response length=16 - MainThread
2026-01-28 12:42:16,514[__main__] - INFO - STT: parsed transcription length=16 - MainThread
2026-01-28 12:42:24,404[src.utils.wake_word_listener] - INFO - Wake word detected - Thread-1 (_run)
2026-01-28 12:42:24,415[__main__] - INFO - STT: starting recording - MainThread
2026-01-28 12:42:24,421[src.utils.stt_client] - INFO - Starting STT recording - Dummy-6
2026-01-28 12:42:27,604[__main__] - INFO - STT: stopping recording and transcribing - MainThread
2026-01-28 12:42:27,605[src.utils.stt_client] - INFO - Stopping STT recording - Dummy-7
2026-01-28 12:42:28,394[src.utils.stt_client] - INFO - Transcription received (16 chars) - Dummy-7
2026-01-28 12:42:28,395[__main__] - INFO - STT: raw response length=15 - MainThread
2026-01-28 12:42:28,396[__main__] - INFO - STT: parsed transcription length=15 - MainThread
2026-01-28 12:42:34,944[GuiDisplay] - INFO - 开始退出应用程序... - MainThread
2026-01-28 12:42:34,957[__main__] - INFO - GUI closed before loop completion - MainThread
2026-01-28 14:24:30,272[root] - INFO - Logging initialized, log file: /home/kali/Documentos/Mina-a-Assistente-Virtual-Do-G.E.R.A/logs/app.log - MainThread
2026-01-28 14:24:31,142[__main__] - INFO - Created qasync event loop - MainThread
2026-01-28 14:24:31,166[__main__] - INFO - Starting Xiaozhi GUI (standalone mode) - MainThread
2026-01-28 14:24:31,470[src.utils.config_manager] - INFO - Config directory: /home/kali/Documentos/Mina-a-Assistente-Virtual-Do-G.E.R.A/config - MainThread
2026-01-28 14:24:31,470[src.utils.config_manager] - INFO - Config file: /home/kali/Documentos/Mina-a-Assistente-Virtual-Do-G.E.R.A/config/config.json - MainThread
2026-01-28 14:24:36,884[__main__] - INFO - GUI started successfully - MainThread
2026-01-28 14:24:37,711[src.utils.wake_word_listener] - INFO - Wake word listener started - Thread-1 (_run)
2026-01-28 14:24:40,176[src.utils.wake_word_listener] - INFO - Wake word detected - Thread-1 (_run)
2026-01-28 14:24:40,193[__main__] - INFO - STT: starting recording - MainThread
2026-01-28 14:24:40,964[src.utils.stt_client] - INFO - Starting STT recording - Dummy-2
2026-01-28 14:24:44,978[__main__] - INFO - STT: stopping recording and transcribing - MainThread
2026-01-28 14:24:44,979[src.utils.stt_client] - INFO - Stopping STT recording - Dummy-3
2026-01-28 14:24:45,974[src.utils.stt_client] - INFO - Transcription received (34 chars) - Dummy-3
2026-01-28 14:24:45,975[__main__] - INFO - STT: raw response length=33 - MainThread
2026-01-28 14:24:45,976[__main__] - INFO - STT: parsed transcription length=33 - MainThread
2026-01-28 14:24:57,776[src.utils.wake_word_listener] - INFO - Wake word detected - Thread-1 (_run)
2026-01-28 14:24:57,780[__main__] - INFO - STT: starting recording - MainThread
2026-01-28 14:24:57,781[src.utils.stt_client] - INFO - Starting STT recording - Dummy-4
2026-01-28 14:25:02,128[__main__] - INFO - STT: stopping recording and transcribing - MainThread
2026-01-28 14:25:02,129[src.utils.stt_client] - INFO - Stopping STT recording - Dummy-5
2026-01-28 14:25:03,007[src.utils.stt_client] - INFO - Transcription received (35 chars) - Dummy-5
2026-01-28 14:25:03,008[__main__] - INFO - STT: raw response length=34 - MainThread
2026-01-28 14:25:03,009[__main__] - INFO - STT: parsed transcription length=34 - MainThread
2026-01-28 14:25:49,762[GuiDisplay] - INFO - 开始退出应用程序... - MainThread
2026-01-28 14:25:50,450[GuiDisplay] - INFO - 开始退出应用程序... - MainThread
2026-01-28 14:25:50,451[GuiDisplay] - INFO - 开始退出应用程序... - MainThread
2026-01-28 14:25:50,451[GuiDisplay] - INFO - 开始退出应用程序... - MainThread
2026-01-28 14:25:50,864[__main__] - ERROR - GUI error: no running event loop - MainThread
Traceback (most recent call last):
  File "/home/kali/Documentos/Mina-a-Assistente-Virtual-Do-G.E.R.A/main_gui.py", line 323, in run_gui
    await stt_controller.shutdown()
  File "/home/kali/Documentos/Mina-a-Assistente-Virtual-Do-G.E.R.A/main_gui.py", line 127, in shutdown
    await asyncio.to_thread(self._stt_client.shutdown)
  File "/usr/lib/python3.11/asyncio/threads.py", line 22, in to_thread
    loop = events.get_running_loop()
           ^^^^^^^^^^^^^^^^^^^^^^^^^
RuntimeError: no running event loop
2026-01-28 14:25:53,743[src.utils.stt_client] - INFO - Shutting down native STT - MainThread
2026-01-28 14:26:01,976[root] - INFO - Logging initialized, log file: /home/kali/Documentos/Mina-a-Assistente-Virtual-Do-G.E.R.A/logs/app.log - MainThread
2026-01-28 14:26:02,552[__main__] - INFO - Created qasync event loop - MainThread
2026-01-28 14:26:02,553[__main__] - INFO - Starting Xiaozhi GUI (standalone mode) - MainThread
2026-01-28 14:26:02,894[src.utils.config_manager] - INFO - Config directory: /home/kali/Documentos/Mina-a-Assistente-Virtual-Do-G.E.R.A/config - MainThread
2026-01-28 14:26:02,895[src.utils.config_manager] - INFO - Config file: /home/kali/Documentos/Mina-a-Assistente-Virtual-Do-G.E.R.A/config/config.json - MainThread
2026-01-28 14:26:07,778[__main__] - INFO - GUI started successfully - MainThread
2026-01-28 14:26:08,301[src.utils.wake_word_listener] - INFO - Wake word listener started - Thread-1 (_run)
2026-01-28 14:26:15,451[src.utils.wake_word_listener] - INFO - Wake word detected - Thread-1 (_run)
2026-01-28 14:26:15,869[__main__] - INFO - STT: starting recording - MainThread
2026-01-28 14:26:15,874[src.utils.stt_client] - INFO - Starting STT recording - Dummy-2
2026-01-28 14:26:18,908[__main__] - INFO - STT: stopping recording and transcribing - MainThread
2026-01-28 14:26:18,909[src.utils.stt_client] - INFO - Stopping STT recording - Dummy-3
2026-01-28 14:26:19,665[src.utils.stt_client] - INFO - Transcription received (20 chars) - Dummy-3
2026-01-28 14:26:19,666[__main__] - INFO - STT: raw response length=19 - MainThread
2026-01-28 14:26:19,667[__main__] - INFO - STT: parsed transcription length=19 - MainThread
2026-01-28 14:26:25,627[src.utils.wake_word_listener] - INFO - Wake word detected - Thread-1 (_run)
2026-01-28 14:26:25,632[__main__] - INFO - STT: starting recording - MainThread
2026-01-28 14:26:25,633[src.utils.stt_client] - INFO - Starting STT recording - Dummy-4
2026-01-28 14:26:28,443[__main__] - INFO - STT: stopping recording and transcribing - MainThread
2026-01-28 14:26:28,444[src.utils.stt_client] - INFO - Stopping STT recording - Dummy-5
2026-01-28 14:26:29,074[src.utils.stt_client] - INFO - Transcription received (20 chars) - Dummy-5
2026-01-28 14:26:29,075[__main__] - INFO - STT: raw response length=19 - MainThread
2026-01-28 14:26:29,076[__main__] - INFO - STT: parsed transcription length=19 - MainThread
2026-01-28 14:27:03,656[src.utils.wake_word_listener] - INFO - Wake word detected - Thread-1 (_run)
2026-01-28 14:27:03,948[__main__] - INFO - STT: starting recording - MainThread
2026-01-28 14:27:03,949[src.utils.stt_client] - INFO - Starting STT recording - Dummy-6
2026-01-28 14:27:07,157[__main__] - INFO - STT: stopping recording and transcribing - MainThread
2026-01-28 14:27:07,159[src.utils.stt_client] - INFO - Stopping STT recording - Dummy-7
2026-01-28 14:27:07,803[src.utils.stt_client] - INFO - Transcription received (4 chars) - Dummy-7
2026-01-28 14:27:07,805[__main__] - INFO - STT: raw response length=3 - MainThread
2026-01-28 14:27:07,814[__main__] - INFO - STT: parsed transcription length=3 - MainThread
2026-01-28 14:27:17,844[src.utils.wake_word_listener] - INFO - Wake word detected - Thread-1 (_run)
2026-01-28 14:27:17,847[__main__] - INFO - STT: starting recording - MainThread
2026-01-28 14:27:17,848[src.utils.stt_client] - INFO - Starting STT recording - Dummy-8
2026-01-28 14:27:21,557[__main__] - INFO - STT: stopping recording and transcribing - MainThread
2026-01-28 14:27:21,558[src.utils.stt_client] - INFO - Stopping STT recording - Dummy-9
2026-01-28 14:27:22,398[src.utils.stt_client] - INFO - Transcription received (15 chars) - Dummy-9
2026-01-28 14:27:22,399[__main__] - INFO - STT: raw response length=14 - MainThread
2026-01-28 14:27:22,400[__main__] - INFO - STT: parsed transcription length=14 - MainThread
2026-01-28 14:27:29,009[GuiDisplay] - INFO - 开始退出应用程序... - MainThread
2026-01-28 14:27:29,028[__main__] - INFO - GUI closed before loop completion - MainThread
2026-01-28 14:28:41,373[root] - INFO - Logging initialized, log file: /home/kali/Documentos/Mina-a-Assistente-Virtual-Do-G.E.R.A/logs/app.log - MainThread
2026-01-28 14:28:41,692[__main__] - INFO - Created qasync event loop - MainThread
2026-01-28 14:28:41,693[__main__] - INFO - Starting Xiaozhi GUI (standalone mode) - MainThread
2026-01-28 14:28:41,914[src.utils.config_manager] - INFO - Config directory: /home/kali/Documentos/Mina-a-Assistente-Virtual-Do-G.E.R.A/config - MainThread
2026-01-28 14:28:41,914[src.utils.config_manager] - INFO - Config file: /home/kali/Documentos/Mina-a-Assistente-Virtual-Do-G.E.R.A/config/config.json - MainThread
2026-01-28 14:28:43,445[__main__] - INFO - GUI started successfully - MainThread
2026-01-28 14:28:43,669[src.utils.wake_word_listener] - INFO - Wake word listener started - Thread-1 (_run)
2026-01-28 14:28:47,394[src.utils.wake_word_listener] - INFO - Wake word detected - Thread-1 (_run)
2026-01-28 14:28:47,597[__main__] - INFO - STT: starting recording - MainThread
2026-01-28 14:28:47,604[src.utils.stt_client] - INFO - Starting STT recording - Dummy-2
2026-01-28 14:28:49,892[__main__] - INFO - STT: stopping recording and transcribing - MainThread
2026-01-28 14:28:49,895[src.utils.stt_client] - INFO - Stopping STT recording - Dummy-3
2026-01-28 14:28:50,777[src.utils.stt_client] - INFO - Transcription received (23 chars) - Dummy-3
2026-01-28 14:28:50,778[__main__] - INFO - STT: raw response length=22 - MainThread
2026-01-28 14:28:50,779[__main__] - INFO - STT: parsed transcription length=22 - MainThread
2026-01-28 14:29:00,877[GuiDisplay] - INFO - 开始退出应用程序... - MainThread
2026-01-28 14:29:00,883[__main__] - INFO - GUI closed before loop completion - MainThread
2026-01-28 14:29:11,211[root] - INFO - Logging initialized, log file: /home/kali/Documentos/Mina-a-Assistente-Virtual-Do-G.E.R.A/logs/app.log - MainThread
2026-01-28 14:29:11,246[__main__] - INFO - Created qasync event loop - MainThread
2026-01-28 14:29:11,247[__main__] - INFO - Starting Xiaozhi GUI (standalone mode) - MainThread
2026-01-28 14:29:11,260[src.utils.config_manager] - INFO - Config directory: /home/kali/Documentos/Mina-a-Assistente-Virtual-Do-G.E.R.A/config - MainThread
2026-01-28 14:29:11,261[src.utils.config_manager] - INFO - Config file: /home/kali/Documentos/Mina-a-Assistente-Virtual-Do-G.E.R.A/config/config.json - MainThread
2026-01-28 14:29:11,536[__main__] - INFO - GUI started successfully - MainThread
2026-01-28 14:29:11,827[src.utils.wake_word_listener] - INFO - Wake word listener started - Thread-1 (_run)
2026-01-28 14:29:15,534[src.utils.wake_word_listener] - INFO - Wake word detected - Thread-1 (_run)
2026-01-28 14:29:15,882[__main__] - INFO - STT: starting recording - MainThread
2026-01-28 14:29:15,889[src.utils.stt_client] - INFO - Starting STT recording - Dummy-2
2026-01-28 14:29:18,671[__main__] - INFO - STT: stopping recording and transcribing - MainThread
2026-01-28 14:29:18,671[src.utils.stt_client] - INFO - Stopping STT recording - Dummy-3
2026-01-28 14:29:19,493[src.utils.stt_client] - INFO - Transcription received (37 chars) - Dummy-3
2026-01-28 14:29:19,495[__main__] - INFO - STT: raw response length=36 - MainThread
2026-01-28 14:29:19,495[__main__] - INFO - STT: parsed transcription length=36 - MainThread
2026-01-28 14:29:26,073[GuiDisplay] - INFO - 开始退出应用程序... - MainThread
2026-01-28 14:29:26,076[__main__] - INFO - GUI closed before loop completion - MainThread
2026-01-28 14:31:10,411[root] - INFO - Logging initialized, log file: /home/kali/Documentos/Mina-a-Assistente-Virtual-Do-G.E.R.A/logs/app.log - MainThread
2026-01-28 14:31:10,938[__main__] - INFO - Created qasync event loop - MainThread
2026-01-28 14:31:10,939[__main__] - INFO - Starting Xiaozhi GUI (standalone mode) - MainThread
2026-01-28 14:31:11,109[src.utils.config_manager] - INFO - Config directory: /home/kali/Documentos/Mina-a-Assistente-Virtual-Do-G.E.R.A/config - MainThread
2026-01-28 14:31:11,109[src.utils.config_manager] - INFO - Config file: /home/kali/Documentos/Mina-a-Assistente-Virtual-Do-G.E.R.A/config/config.json - MainThread
2026-01-28 14:31:13,069[__main__] - INFO - GUI started successfully - MainThread
2026-01-28 14:31:13,744[src.utils.wake_word_listener] - INFO - Wake word listener started - Thread-1 (_run)
2026-01-28 14:31:16,019[src.utils.wake_word_listener] - INFO - Wake word detected - Thread-1 (_run)
2026-01-28 14:31:16,051[__main__] - INFO - STT: starting recording - MainThread
2026-01-28 14:31:16,566[src.utils.stt_client] - INFO - Starting STT recording - Dummy-2
2026-01-28 14:31:21,587[__main__] - INFO - STT: stopping recording and transcribing - MainThread
2026-01-28 14:31:21,588[src.utils.stt_client] - INFO - Stopping STT recording - Dummy-3
2026-01-28 14:31:22,667[src.utils.stt_client] - INFO - Transcription received (68 chars) - Dummy-3
2026-01-28 14:31:22,669[__main__] - INFO - STT: raw response length=67 - MainThread
2026-01-28 14:31:22,669[__main__] - INFO - STT: parsed transcription length=67 - MainThread
2026-01-28 14:31:30,395[GuiDisplay] - INFO - 开始退出应用程序... - MainThread
2026-01-28 14:31:30,397[__main__] - INFO - GUI closed before loop completion - MainThread
2026-01-28 14:32:36,407[root] - INFO - Logging initialized, log file: /home/kali/Documentos/Mina-a-Assistente-Virtual-Do-G.E.R.A/logs/app.log - MainThread
2026-01-28 14:32:36,439[__main__] - INFO - Created qasync event loop - MainThread
2026-01-28 14:32:36,440[__main__] - INFO - Starting Xiaozhi GUI (standalone mode) - MainThread
2026-01-28 14:32:36,451[src.utils.config_manager] - INFO - Config directory: /home/kali/Documentos/Mina-a-Assistente-Virtual-Do-G.E.R.A/config - MainThread
2026-01-28 14:32:36,452[src.utils.config_manager] - INFO - Config file: /home/kali/Documentos/Mina-a-Assistente-Virtual-Do-G.E.R.A/config/config.json - MainThread
2026-01-28 14:32:36,700[__main__] - INFO - GUI started successfully - MainThread
2026-01-28 14:32:36,914[src.utils.wake_word_listener] - INFO - Wake word listener started - Thread-1 (_run)
2026-01-28 14:32:48,656[src.utils.wake_word_listener] - INFO - Wake word detected - Thread-1 (_run)
2026-01-28 14:32:48,860[__main__] - INFO - STT: starting recording - MainThread
2026-01-28 14:32:48,866[src.utils.stt_client] - INFO - Starting STT recording - Dummy-2
2026-01-28 14:32:51,923[__main__] - INFO - STT: stopping recording and transcribing - MainThread
2026-01-28 14:32:51,923[src.utils.stt_client] - INFO - Stopping STT recording - Dummy-3
2026-01-28 14:32:52,747[src.utils.stt_client] - INFO - Transcription received (31 chars) - Dummy-3
2026-01-28 14:32:52,748[__main__] - INFO - STT: raw response length=30 - MainThread
2026-01-28 14:32:52,749[__main__] - INFO - STT: parsed transcription length=30 - MainThread
2026-01-28 14:32:56,914[src.utils.wake_word_listener] - INFO - Wake word detected - Thread-1 (_run)
2026-01-28 14:32:56,919[__main__] - INFO - STT: starting recording - MainThread
2026-01-28 14:32:56,920[src.utils.stt_client] - INFO - Starting STT recording - Dummy-4
2026-01-28 14:33:01,266[__main__] - INFO - STT: stopping recording and transcribing - MainThread
2026-01-28 14:33:01,266[src.utils.stt_client] - INFO - Stopping STT recording - Dummy-5
2026-01-28 14:33:02,171[src.utils.stt_client] - INFO - Transcription received (36 chars) - Dummy-5
2026-01-28 14:33:02,173[__main__] - INFO - STT: raw response length=35 - MainThread
2026-01-28 14:33:02,173[__main__] - INFO - STT: parsed transcription length=35 - MainThread
2026-01-28 14:33:11,122[src.utils.wake_word_listener] - INFO - Wake word detected - Thread-1 (_run)
2026-01-28 14:33:11,126[__main__] - INFO - STT: starting recording - MainThread
2026-01-28 14:33:11,127[src.utils.stt_client] - INFO - Starting STT recording - Dummy-6
2026-01-28 14:33:13,554[__main__] - INFO - STT: stopping recording and transcribing - MainThread
2026-01-28 14:33:13,555[src.utils.stt_client] - INFO - Stopping STT recording - Dummy-7
2026-01-28 14:33:14,138[src.utils.stt_client] - INFO - Transcription received (32 chars) - Dummy-7
2026-01-28 14:33:14,140[__main__] - INFO - STT: raw response length=31 - MainThread
2026-01-28 14:33:14,141[__main__] - INFO - STT: parsed transcription length=31 - MainThread
2026-01-28 14:33:27,050[GuiDisplay] - INFO - 开始退出应用程序... - MainThread
2026-01-28 14:33:27,074[__main__] - INFO - GUI closed before loop completion - MainThread
2026-01-28 14:48:14,157[root] - INFO - Logging initialized, log file: /home/kali/Documentos/Mina-a-Assistente-Virtual-Do-G.E.R.A/logs/app.log - MainThread
2026-01-28 14:48:14,243[__main__] - INFO - Created qasync event loop - MainThread
2026-01-28 14:48:14,244[__main__] - INFO - Starting Xiaozhi GUI (standalone mode) - MainThread
2026-01-28 14:48:14,407[src.utils.config_manager] - INFO - Config directory: /home/kali/Documentos/Mina-a-Assistente-Virtual-Do-G.E.R.A/config - MainThread
2026-01-28 14:48:14,407[src.utils.config_manager] - INFO - Config file: /home/kali/Documentos/Mina-a-Assistente-Virtual-Do-G.E.R.A/config/config.json - MainThread
2026-01-28 14:48:15,777[__main__] - INFO - GUI started successfully - MainThread
2026-01-28 14:48:16,569[src.utils.wake_word_listener] - INFO - Wake word listener started - Thread-1 (_run)
2026-01-28 14:48:22,486[src.utils.wake_word_listener] - INFO - Wake word detected - Thread-1 (_run)
2026-01-28 14:48:22,952[__main__] - INFO - STT: starting recording - MainThread
2026-01-28 14:48:22,954[src.utils.stt_client] - INFO - Starting STT recording - Dummy-2
2026-01-28 14:48:26,519[__main__] - INFO - STT: stopping recording and transcribing - MainThread
2026-01-28 14:48:26,520[src.utils.stt_client] - INFO - Stopping STT recording - Dummy-3
2026-01-28 14:48:27,354[src.utils.stt_client] - INFO - Transcription received (23 chars) - Dummy-3
2026-01-28 14:48:27,355[__main__] - INFO - STT: raw response length=22 - MainThread
2026-01-28 14:48:27,356[__main__] - INFO - STT: parsed transcription length=22 - MainThread
2026-01-28 14:48:58,483[GuiDisplay] - INFO - 开始退出应用程序... - MainThread
2026-01-28 14:48:58,490[__main__] - INFO - GUI closed before loop completion - MainThread
2026-01-28 14:50:19,427[root] - INFO - Logging initialized, log file: /home/kali/Documentos/Mina-a-Assistente-Virtual-Do-G.E.R.A/logs/app.log - MainThread
2026-01-28 14:50:19,632[__main__] - INFO - Created qasync event loop - MainThread
2026-01-28 14:50:19,633[__main__] - INFO - Starting Xiaozhi GUI (standalone mode) - MainThread
2026-01-28 14:50:19,653[src.utils.config_manager] - INFO - Config directory: /home/kali/Documentos/Mina-a-Assistente-Virtual-Do-G.E.R.A/config - MainThread
2026-01-28 14:50:19,654[src.utils.config_manager] - INFO - Config file: /home/kali/Documentos/Mina-a-Assistente-Virtual-Do-G.E.R.A/config/config.json - MainThread
2026-01-28 14:50:20,428[__main__] - INFO - GUI started successfully - MainThread
2026-01-28 14:50:20,665[src.utils.wake_word_listener] - INFO - Wake word listener started - Thread-1 (_run)
2026-01-28 14:50:24,083[src.utils.wake_word_listener] - INFO - Wake word detected - Thread-1 (_run)
2026-01-28 14:50:24,287[__main__] - INFO - STT: starting recording - MainThread
2026-01-28 14:50:24,294[src.utils.stt_client] - INFO - Starting STT recording - Dummy-2
2026-01-28 14:50:27,795[__main__] - INFO - STT: stopping recording and transcribing - MainThread
2026-01-28 14:50:27,797[src.utils.stt_client] - INFO - Stopping STT recording - Dummy-3
2026-01-28 14:50:28,605[src.utils.stt_client] - INFO - Transcription received (24 chars) - Dummy-3
2026-01-28 14:50:28,607[__main__] - INFO - STT: raw response length=23 - MainThread
2026-01-28 14:50:28,607[__main__] - INFO - STT: parsed transcription length=23 - MainThread
2026-01-28 14:50:36,181[src.utils.wake_word_listener] - INFO - Wake word detected - Thread-1 (_run)
2026-01-28 14:50:36,185[__main__] - INFO - STT: starting recording - MainThread
2026-01-28 14:50:36,186[src.utils.stt_client] - INFO - Starting STT recording - Dummy-4
2026-01-28 14:50:40,020[__main__] - INFO - STT: stopping recording and transcribing - MainThread
2026-01-28 14:50:40,024[src.utils.stt_client] - INFO - Stopping STT recording - Dummy-5
2026-01-28 14:50:40,778[src.utils.stt_client] - INFO - Transcription received (25 chars) - Dummy-5
2026-01-28 14:50:40,779[__main__] - INFO - STT: raw response length=24 - MainThread
2026-01-28 14:50:40,781[__main__] - INFO - STT: parsed transcription length=24 - MainThread
2026-01-28 14:50:59,604[src.utils.wake_word_listener] - INFO - Wake word detected - Thread-1 (_run)
2026-01-28 14:50:59,608[__main__] - INFO - STT: starting recording - MainThread
2026-01-28 14:50:59,608[src.utils.stt_client] - INFO - Starting STT recording - Dummy-6
2026-01-28 14:51:04,215[__main__] - INFO - STT: stopping recording and transcribing - MainThread
2026-01-28 14:51:04,216[src.utils.stt_client] - INFO - Stopping STT recording - Dummy-7
2026-01-28 14:51:05,589[src.utils.stt_client] - INFO - Transcription received (30 chars) - Dummy-7
2026-01-28 14:51:05,591[__main__] - INFO - STT: raw response length=29 - MainThread
2026-01-28 14:51:05,592[__main__] - INFO - STT: parsed transcription length=29 - MainThread
2026-01-28 14:51:20,147[src.utils.wake_word_listener] - INFO - Wake word detected - Thread-1 (_run)
2026-01-28 14:51:20,154[__main__] - INFO - STT: starting recording - MainThread
2026-01-28 14:51:20,154[src.utils.stt_client] - INFO - Starting STT recording - Dummy-8
2026-01-28 14:51:23,732[__main__] - INFO - STT: stopping recording and transcribing - MainThread
2026-01-28 14:51:23,734[src.utils.stt_client] - INFO - Stopping STT recording - Dummy-9
2026-01-28 14:51:24,676[src.utils.stt_client] - INFO - Transcription received (36 chars) - Dummy-9
2026-01-28 14:51:24,677[__main__] - INFO - STT: raw response length=35 - MainThread
2026-01-28 14:51:24,678[__main__] - INFO - STT: parsed transcription length=35 - MainThread
2026-01-28 14:52:54,866[GuiDisplay] - INFO - 开始退出应用程序... - MainThread
2026-01-28 14:52:54,911[__main__] - INFO - GUI closed before loop completion - MainThread
2026-01-28 14:53:00,732[root] - INFO - Logging initialized, log file: /home/kali/Documentos/Mina-a-Assistente-Virtual-Do-G.E.R.A/logs/app.log - MainThread
2026-01-28 14:53:01,053[__main__] - INFO - Created qasync event loop - MainThread
2026-01-28 14:53:01,053[__main__] - INFO - Starting Xiaozhi GUI (standalone mode) - MainThread
2026-01-28 14:53:01,156[src.utils.config_manager] - INFO - Config directory: /home/kali/Documentos/Mina-a-Assistente-Virtual-Do-G.E.R.A/config - MainThread
2026-01-28 14:53:01,156[src.utils.config_manager] - INFO - Config file: /home/kali/Documentos/Mina-a-Assistente-Virtual-Do-G.E.R.A/config/config.json - MainThread
2026-01-28 14:53:01,991[__main__] - INFO - GUI started successfully - MainThread
2026-01-28 14:53:02,622[src.utils.wake_word_listener] - INFO - Wake word listener started - Thread-1 (_run)
2026-01-28 14:53:04,430[src.utils.wake_word_listener] - INFO - Wake word detected - Thread-1 (_run)
2026-01-28 14:53:04,667[__main__] - INFO - STT: starting recording - MainThread
2026-01-28 14:53:04,672[src.utils.stt_client] - INFO - Starting STT recording - Dummy-2
2026-01-28 14:53:09,742[__main__] - INFO - STT: stopping recording and transcribing - MainThread
2026-01-28 14:53:09,743[src.utils.stt_client] - INFO - Stopping STT recording - Dummy-3
2026-01-28 14:53:10,562[src.utils.stt_client] - INFO - Transcription received (65 chars) - Dummy-3
2026-01-28 14:53:10,564[__main__] - INFO - STT: raw response length=64 - MainThread
2026-01-28 14:53:10,564[__main__] - INFO - STT: parsed transcription length=64 - MainThread
2026-01-28 14:53:17,549[src.utils.wake_word_listener] - INFO - Wake word detected - Thread-1 (_run)
2026-01-28 14:53:17,553[__main__] - INFO - STT: starting recording - MainThread
2026-01-28 14:53:17,554[src.utils.stt_client] - INFO - Starting STT recording - Dummy-4
2026-01-28 14:53:22,673[__main__] - INFO - STT: stopping recording and transcribing - MainThread
2026-01-28 14:53:22,674[src.utils.stt_client] - INFO - Stopping STT recording - Dummy-5
2026-01-28 14:53:23,488[src.utils.stt_client] - INFO - Transcription received (55 chars) - Dummy-5
2026-01-28 14:53:23,489[__main__] - INFO - STT: raw response length=54 - MainThread
2026-01-28 14:53:23,490[__main__] - INFO - STT: parsed transcription length=54 - MainThread
2026-01-28 14:54:41,740[GuiDisplay] - INFO - 开始退出应用程序... - MainThread
2026-01-28 14:54:41,744[__main__] - INFO - GUI closed before loop completion - MainThread
2026-01-28 14:54:43,911[root] - INFO - Logging initialized, log file: /home/kali/Documentos/Mina-a-Assistente-Virtual-Do-G.E.R.A/logs/app.log - MainThread
2026-01-28 14:54:43,938[__main__] - INFO - Created qasync event loop - MainThread
2026-01-28 14:54:43,940[__main__] - INFO - Starting Xiaozhi GUI (standalone mode) - MainThread
2026-01-28 14:54:43,952[src.utils.config_manager] - INFO - Config directory: /home/kali/Documentos/Mina-a-Assistente-Virtual-Do-G.E.R.A/config - MainThread
2026-01-28 14:54:43,953[src.utils.config_manager] - INFO - Config file: /home/kali/Documentos/Mina-a-Assistente-Virtual-Do-G.E.R.A/config/config.json - MainThread
2026-01-28 14:54:44,188[__main__] - INFO - GUI started successfully - MainThread
2026-01-28 14:54:44,397[src.utils.wake_word_listener] - INFO - Wake word listener started - Thread-1 (_run)
2026-01-28 14:54:53,986[src.utils.wake_word_listener] - INFO - Wake word detected - Thread-1 (_run)
2026-01-28 14:54:53,987[__main__] - INFO - STT: starting recording - MainThread
2026-01-28 14:54:54,218[src.utils.stt_client] - INFO - Starting STT recording - Dummy-2
2026-01-28 14:54:58,278[__main__] - INFO - STT: stopping recording and transcribing - MainThread
2026-01-28 14:54:58,278[src.utils.stt_client] - INFO - Stopping STT recording - Dummy-3
2026-01-28 14:54:59,008[src.utils.stt_client] - INFO - Transcription received (33 chars) - Dummy-3
2026-01-28 14:54:59,010[__main__] - INFO - STT: raw response length=32 - MainThread
2026-01-28 14:54:59,011[__main__] - INFO - STT: parsed transcription length=32 - MainThread
2026-01-28 14:55:06,274[src.utils.wake_word_listener] - INFO - Wake word detected - Thread-1 (_run)
2026-01-28 14:55:06,278[__main__] - INFO - STT: starting recording - MainThread
2026-01-28 14:55:06,279[src.utils.stt_client] - INFO - Starting STT recording - Dummy-4
2026-01-28 14:55:09,218[__main__] - INFO - STT: stopping recording and transcribing - MainThread
2026-01-28 14:55:09,220[src.utils.stt_client] - INFO - Stopping STT recording - Dummy-5
2026-01-28 14:55:10,162[src.utils.stt_client] - INFO - Transcription received (36 chars) - Dummy-5
2026-01-28 14:55:10,163[__main__] - INFO - STT: raw response length=35 - MainThread
2026-01-28 14:55:10,164[__main__] - INFO - STT: parsed transcription length=35 - MainThread
2026-01-28 14:55:23,235[src.utils.wake_word_listener] - INFO - Wake word detected - Thread-1 (_run)
2026-01-28 14:55:23,239[__main__] - INFO - STT: starting recording - MainThread
2026-01-28 14:55:23,239[src.utils.stt_client] - INFO - Starting STT recording - Dummy-6
2026-01-28 14:55:27,203[__main__] - INFO - STT: stopping recording and transcribing - MainThread
2026-01-28 14:55:27,203[src.utils.stt_client] - INFO - Stopping STT recording - Dummy-7
2026-01-28 14:55:28,098[src.utils.stt_client] - INFO - Transcription received (42 chars) - Dummy-7
2026-01-28 14:55:28,100[__main__] - INFO - STT: raw response length=41 - MainThread
2026-01-28 14:55:28,100[__main__] - INFO - STT: parsed transcription length=41 - MainThread
2026-01-28 14:55:39,809[src.utils.wake_word_listener] - INFO - Wake word detected - Thread-1 (_run)
2026-01-28 14:55:39,813[__main__] - INFO - STT: starting recording - MainThread
2026-01-28 14:55:39,814[src.utils.stt_client] - INFO - Starting STT recording - Dummy-8
2026-01-28 14:55:43,266[__main__] - INFO - STT: stopping recording and transcribing - MainThread
2026-01-28 14:55:43,271[src.utils.stt_client] - INFO - Stopping STT recording - Dummy-2
2026-01-28 14:55:44,178[src.utils.stt_client] - INFO - Transcription received (22 chars) - Dummy-2
2026-01-28 14:55:44,179[__main__] - INFO - STT: raw response length=21 - MainThread
2026-01-28 14:55:44,180[__main__] - INFO - STT: parsed transcription length=21 - MainThread
2026-01-28 15:06:16,690[GuiDisplay] - INFO - 开始退出应用程序... - MainThread
2026-01-28 15:06:16,693[__main__] - INFO - GUI closed before loop completion - MainThread
