2026-02-09 08:14:15,242[root] - INFO - Logging initialized, log file: /home/kali/Mina-a-Assistente-Virtual-Do-G.E.R.A/logs/app.log - MainThread
2026-02-09 08:14:16,627[__main__] - INFO - Created qasync event loop - MainThread
2026-02-09 08:14:16,638[__main__] - INFO - Starting Xiaozhi GUI (standalone mode) - MainThread
2026-02-09 08:14:17,697[src.utils.config_manager] - INFO - Config directory: /home/kali/Mina-a-Assistente-Virtual-Do-G.E.R.A/config - MainThread
2026-02-09 08:14:17,698[src.utils.config_manager] - INFO - Config file: /home/kali/Mina-a-Assistente-Virtual-Do-G.E.R.A/config/config.json - MainThread
2026-02-09 08:14:21,010[__main__] - INFO - GUI started successfully - MainThread
2026-02-09 08:14:45,701[GuiDisplay] - INFO - 开始退出应用程序... - MainThread
2026-02-09 08:14:45,741[__main__] - INFO - GUI closed before loop completion - MainThread
2026-02-09 09:01:30,303[root] - INFO - Logging initialized, log file: /home/kali/Mina-a-Assistente-Virtual-Do-G.E.R.A/logs/app.log - MainThread
2026-02-09 09:01:31,745[__main__] - INFO - Created qasync event loop - MainThread
2026-02-09 09:01:31,753[__main__] - INFO - Starting Xiaozhi GUI (standalone mode) - MainThread
2026-02-09 09:01:33,392[src.utils.config_manager] - INFO - Config directory: /home/kali/Mina-a-Assistente-Virtual-Do-G.E.R.A/config - MainThread
2026-02-09 09:01:33,393[src.utils.config_manager] - INFO - Config file: /home/kali/Mina-a-Assistente-Virtual-Do-G.E.R.A/config/config.json - MainThread
2026-02-09 09:01:36,726[__main__] - INFO - GUI started successfully - MainThread
2026-02-09 09:01:51,059[GuiDisplay] - INFO - 关闭窗口：退出应用程序 - MainThread
2026-02-09 09:01:51,084[GuiDisplay] - INFO - 开始退出应用程序... - MainThread
2026-02-09 09:01:51,085[__main__] - INFO - GUI closed before loop completion - MainThread
2026-02-09 09:03:24,285[root] - INFO - Logging initialized, log file: /home/kali/Mina-a-Assistente-Virtual-Do-G.E.R.A/logs/app.log - MainThread
2026-02-09 09:03:24,311[__main__] - INFO - Created qasync event loop - MainThread
2026-02-09 09:03:24,312[__main__] - INFO - Starting Xiaozhi GUI (standalone mode) - MainThread
2026-02-09 09:03:24,588[src.utils.config_manager] - INFO - Config directory: /home/kali/Mina-a-Assistente-Virtual-Do-G.E.R.A/config - MainThread
2026-02-09 09:03:24,588[src.utils.config_manager] - INFO - Config file: /home/kali/Mina-a-Assistente-Virtual-Do-G.E.R.A/config/config.json - MainThread
2026-02-09 09:03:24,915[__main__] - INFO - GUI started successfully - MainThread
2026-02-09 09:03:36,746[GuiDisplay] - INFO - 开始退出应用程序... - MainThread
2026-02-09 09:03:36,748[__main__] - INFO - GUI closed before loop completion - MainThread
2026-02-09 10:32:14,390[root] - INFO - Logging initialized, log file: /home/kali/Mina-a-Assistente-Virtual-Do-G.E.R.A/logs/app.log - MainThread
2026-02-09 10:32:14,415[__main__] - INFO - Created qasync event loop - MainThread
2026-02-09 10:32:14,415[__main__] - INFO - Starting Xiaozhi GUI (standalone mode) - MainThread
2026-02-09 10:32:14,693[src.utils.config_manager] - INFO - Config directory: /home/kali/Mina-a-Assistente-Virtual-Do-G.E.R.A/config - MainThread
2026-02-09 10:32:14,693[src.utils.config_manager] - INFO - Config file: /home/kali/Mina-a-Assistente-Virtual-Do-G.E.R.A/config/config.json - MainThread
2026-02-09 10:32:15,148[__main__] - INFO - GUI started successfully - MainThread
2026-02-09 10:32:36,799[GuiDisplay] - INFO - 关闭窗口：退出应用程序 - MainThread
2026-02-09 10:32:36,804[GuiDisplay] - INFO - 开始退出应用程序... - MainThread
2026-02-09 10:32:36,804[__main__] - INFO - GUI closed before loop completion - MainThread
2026-02-09 10:33:34,665[root] - INFO - Logging initialized, log file: /home/kali/Mina-a-Assistente-Virtual-Do-G.E.R.A/logs/app.log - MainThread
2026-02-09 10:33:34,691[__main__] - INFO - Created qasync event loop - MainThread
2026-02-09 10:33:34,692[__main__] - INFO - Starting Xiaozhi GUI (standalone mode) - MainThread
2026-02-09 10:33:34,969[src.utils.config_manager] - INFO - Config directory: /home/kali/Mina-a-Assistente-Virtual-Do-G.E.R.A/config - MainThread
2026-02-09 10:33:34,970[src.utils.config_manager] - INFO - Config file: /home/kali/Mina-a-Assistente-Virtual-Do-G.E.R.A/config/config.json - MainThread
2026-02-09 10:33:35,299[__main__] - INFO - GUI started successfully - MainThread
2026-02-09 10:33:43,892[GuiDisplay] - INFO - 关闭窗口：退出应用程序 - MainThread
2026-02-09 10:33:43,893[GuiDisplay] - INFO - 开始退出应用程序... - MainThread
2026-02-09 10:33:43,893[__main__] - INFO - GUI closed before loop completion - MainThread
2026-02-09 10:34:11,913[root] - INFO - Logging initialized, log file: /home/kali/Mina-a-Assistente-Virtual-Do-G.E.R.A/logs/app.log - MainThread
2026-02-09 10:34:11,940[__main__] - INFO - Created qasync event loop - MainThread
2026-02-09 10:34:11,941[__main__] - INFO - Starting Xiaozhi GUI (standalone mode) - MainThread
2026-02-09 10:34:12,221[src.utils.config_manager] - INFO - Config directory: /home/kali/Mina-a-Assistente-Virtual-Do-G.E.R.A/config - MainThread
2026-02-09 10:34:12,221[src.utils.config_manager] - INFO - Config file: /home/kali/Mina-a-Assistente-Virtual-Do-G.E.R.A/config/config.json - MainThread
2026-02-09 10:34:12,543[__main__] - INFO - GUI started successfully - MainThread
2026-02-09 10:34:20,285[GuiDisplay] - INFO - 关闭窗口：退出应用程序 - MainThread
2026-02-09 10:34:20,286[GuiDisplay] - INFO - 开始退出应用程序... - MainThread
2026-02-09 10:34:20,291[src.utils.stt_client] - INFO - Shutting down native STT - Dummy-1
2026-02-09 10:34:20,307[__main__] - INFO - GUI closed before loop completion - MainThread
2026-02-09 10:34:20,384[qasync._QEventLoop] - ERROR - Task was destroyed but it is pending!
task: <Task pending name='Task-1' coro=<run_gui() running at /home/kali/Mina-a-Assistente-Virtual-Do-G.E.R.A/main_gui.py:268> wait_for=<Future pending cb=[_chain_future.<locals>._call_check_cancel() at /usr/lib/python3.13/asyncio/futures.py:384, Task.task_wakeup()]>> - MainThread
2026-02-09 10:34:36,328[root] - INFO - Logging initialized, log file: /home/kali/Mina-a-Assistente-Virtual-Do-G.E.R.A/logs/app.log - MainThread
2026-02-09 10:34:36,353[__main__] - INFO - Created qasync event loop - MainThread
2026-02-09 10:34:36,353[__main__] - INFO - Starting Xiaozhi GUI (standalone mode) - MainThread
2026-02-09 10:34:36,632[src.utils.config_manager] - INFO - Config directory: /home/kali/Mina-a-Assistente-Virtual-Do-G.E.R.A/config - MainThread
2026-02-09 10:34:36,632[src.utils.config_manager] - INFO - Config file: /home/kali/Mina-a-Assistente-Virtual-Do-G.E.R.A/config/config.json - MainThread
2026-02-09 10:34:36,959[__main__] - INFO - GUI started successfully - MainThread
2026-02-09 10:34:44,968[GuiDisplay] - INFO - 关闭窗口：退出应用程序 - MainThread
2026-02-09 10:34:44,971[GuiDisplay] - INFO - 开始退出应用程序... - MainThread
2026-02-09 10:34:44,978[__main__] - INFO - GUI closed before loop completion - MainThread
2026-02-09 11:58:07,951[root] - INFO - Logging initialized, log file: /home/kali/Mina-a-Assistente-Virtual-Do-G.E.R.A/logs/app.log - MainThread
2026-02-09 11:58:09,204[__main__] - INFO - Created qasync event loop - MainThread
2026-02-09 11:58:09,212[__main__] - INFO - Starting Xiaozhi GUI (standalone mode) - MainThread
2026-02-09 11:58:10,501[src.utils.config_manager] - INFO - Config directory: /home/kali/Mina-a-Assistente-Virtual-Do-G.E.R.A/config - MainThread
2026-02-09 11:58:10,501[src.utils.config_manager] - INFO - Config file: /home/kali/Mina-a-Assistente-Virtual-Do-G.E.R.A/config/config.json - MainThread
2026-02-09 11:58:15,634[__main__] - INFO - GUI started successfully - MainThread
2026-02-09 11:59:05,331[GuiDisplay] - INFO - 关闭窗口：退出应用程序 - MainThread
2026-02-09 11:59:05,348[GuiDisplay] - INFO - 开始退出应用程序... - MainThread
2026-02-09 11:59:05,350[__main__] - INFO - GUI closed before loop completion - MainThread
